<?xml version="1.0" encoding="UTF-8"?>
<coverage generated="1668529256">
  <project timestamp="1668529256">
    <file name="D:\projects\forks\quantum-php-core\src\App.php">
      <class name="Quantum\App" namespace="global">
        <metrics complexity="5" methods="4" coveredmethods="3" conditionals="0" coveredconditionals="0" statements="15" coveredstatements="4" elements="19" coveredelements="7"/>
      </class>
      <line num="24" type="stmt" count="29"/>
      <line num="57" type="method" name="start" visibility="public" complexity="1" crap="2" count="0"/>
      <line num="59" type="stmt" count="0"/>
      <line num="61" type="stmt" count="0"/>
      <line num="63" type="stmt" count="0"/>
      <line num="65" type="stmt" count="0"/>
      <line num="67" type="stmt" count="0"/>
      <line num="68" type="stmt" count="0"/>
      <line num="69" type="stmt" count="0"/>
      <line num="71" type="stmt" count="0"/>
      <line num="73" type="stmt" count="0"/>
      <line num="75" type="stmt" count="0"/>
      <line num="77" type="stmt" count="0"/>
      <line num="84" type="method" name="loadCoreFunctions" visibility="public" complexity="2" crap="2" count="397"/>
      <line num="86" type="stmt" count="397"/>
      <line num="87" type="stmt" count="397"/>
      <line num="95" type="method" name="setBaseDir" visibility="public" complexity="1" crap="1" count="397"/>
      <line num="97" type="stmt" count="397"/>
      <line num="104" type="method" name="getBaseDir" visibility="public" complexity="1" crap="1" count="397"/>
      <line num="106" type="stmt" count="397"/>
      <metrics loc="111" ncloc="62" classes="1" methods="4" coveredmethods="3" conditionals="0" coveredconditionals="0" statements="16" coveredstatements="5" elements="20" coveredelements="8"/>
    </file>
    <file name="D:\projects\forks\quantum-php-core\src\Bootstrap.php">
      <class name="Quantum\Bootstrap" namespace="global">
        <metrics complexity="3" methods="1" coveredmethods="0" conditionals="0" coveredconditionals="0" statements="15" coveredstatements="0" elements="16" coveredelements="0"/>
      </class>
      <line num="52" type="method" name="run" visibility="public" complexity="3" crap="12" count="0"/>
      <line num="55" type="stmt" count="0"/>
      <line num="56" type="stmt" count="0"/>
      <line num="58" type="stmt" count="0"/>
      <line num="59" type="stmt" count="0"/>
      <line num="61" type="stmt" count="0"/>
      <line num="63" type="stmt" count="0"/>
      <line num="65" type="stmt" count="0"/>
      <line num="66" type="stmt" count="0"/>
      <line num="68" type="stmt" count="0"/>
      <line num="69" type="stmt" count="0"/>
      <line num="72" type="stmt" count="0"/>
      <line num="74" type="stmt" count="0"/>
      <line num="76" type="stmt" count="0"/>
      <line num="77" type="stmt" count="0"/>
      <line num="78" type="stmt" count="0"/>
      <metrics loc="83" ncloc="53" classes="1" methods="1" coveredmethods="0" conditionals="0" coveredconditionals="0" statements="15" coveredstatements="0" elements="16" coveredelements="0"/>
    </file>
    <file name="D:\projects\forks\quantum-php-core\src\Console\CommandInterface.php">
      <metrics loc="28" ncloc="10" classes="0" methods="0" coveredmethods="0" conditionals="0" coveredconditionals="0" statements="0" coveredstatements="0" elements="0" coveredelements="0"/>
    </file>
    <file name="D:\projects\forks\quantum-php-core\src\Console\Commands\DebugBarCommand.php">
      <class name="Quantum\Console\Commands\DebugBarCommand" namespace="global">
        <metrics complexity="11" methods="2" coveredmethods="0" conditionals="0" coveredconditionals="0" statements="18" coveredstatements="0" elements="20" coveredelements="0"/>
      </class>
      <line num="66" type="method" name="exec" visibility="public" complexity="2" crap="6" count="0"/>
      <line num="68" type="stmt" count="0"/>
      <line num="70" type="stmt" count="0"/>
      <line num="71" type="stmt" count="0"/>
      <line num="72" type="stmt" count="0"/>
      <line num="75" type="stmt" count="0"/>
      <line num="77" type="stmt" count="0"/>
      <line num="86" type="method" name="copyResources" visibility="private" complexity="9" crap="90" count="0"/>
      <line num="88" type="stmt" count="0"/>
      <line num="90" type="stmt" count="0"/>
      <line num="91" type="stmt" count="0"/>
      <line num="92" type="stmt" count="0"/>
      <line num="96" type="stmt" count="0"/>
      <line num="97" type="stmt" count="0"/>
      <line num="98" type="stmt" count="0"/>
      <line num="99" type="stmt" count="0"/>
      <line num="100" type="stmt" count="0"/>
      <line num="102" type="stmt" count="0"/>
      <line num="103" type="stmt" count="0"/>
      <line num="109" type="stmt" count="0"/>
      <metrics loc="113" ncloc="65" classes="1" methods="2" coveredmethods="0" conditionals="0" coveredconditionals="0" statements="18" coveredstatements="0" elements="20" coveredelements="0"/>
    </file>
    <file name="D:\projects\forks\quantum-php-core\src\Console\Commands\EnvCommand.php">
      <class name="Quantum\Console\Commands\EnvCommand" namespace="global">
        <metrics complexity="2" methods="1" coveredmethods="0" conditionals="0" coveredconditionals="0" statements="4" coveredstatements="0" elements="5" coveredelements="0"/>
      </class>
      <line num="47" type="method" name="exec" visibility="public" complexity="2" crap="6" count="0"/>
      <line num="49" type="stmt" count="0"/>
      <line num="50" type="stmt" count="0"/>
      <line num="51" type="stmt" count="0"/>
      <line num="53" type="stmt" count="0"/>
      <metrics loc="58" ncloc="28" classes="1" methods="1" coveredmethods="0" conditionals="0" coveredconditionals="0" statements="4" coveredstatements="0" elements="5" coveredelements="0"/>
    </file>
    <file name="D:\projects\forks\quantum-php-core\src\Console\Commands\KeyGenerateCommand.php">
      <class name="Quantum\Console\Commands\KeyGenerateCommand" namespace="global">
        <metrics complexity="3" methods="2" coveredmethods="0" conditionals="0" coveredconditionals="0" statements="5" coveredstatements="0" elements="7" coveredelements="0"/>
      </class>
      <line num="61" type="method" name="exec" visibility="public" complexity="2" crap="6" count="0"/>
      <line num="63" type="stmt" count="0"/>
      <line num="65" type="stmt" count="0"/>
      <line num="66" type="stmt" count="0"/>
      <line num="69" type="stmt" count="0"/>
      <line num="77" type="method" name="generateRandomKey" visibility="private" complexity="1" crap="2" count="0"/>
      <line num="79" type="stmt" count="0"/>
      <metrics loc="83" ncloc="40" classes="1" methods="2" coveredmethods="0" conditionals="0" coveredconditionals="0" statements="5" coveredstatements="0" elements="7" coveredelements="0"/>
    </file>
    <file name="D:\projects\forks\quantum-php-core\src\Console\Commands\MigrationGenerateCommand.php">
      <class name="Quantum\Console\Commands\MigrationGenerateCommand" namespace="global">
        <metrics complexity="1" methods="1" coveredmethods="0" conditionals="0" coveredconditionals="0" statements="3" coveredstatements="0" elements="4" coveredelements="0"/>
      </class>
      <line num="51" type="method" name="exec" visibility="public" complexity="1" crap="2" count="0"/>
      <line num="53" type="stmt" count="0"/>
      <line num="55" type="stmt" count="0"/>
      <line num="57" type="stmt" count="0"/>
      <metrics loc="61" ncloc="31" classes="1" methods="1" coveredmethods="0" conditionals="0" coveredconditionals="0" statements="3" coveredstatements="0" elements="4" coveredelements="0"/>
    </file>
    <file name="D:\projects\forks\quantum-php-core\src\Console\Commands\MigrationMigrateCommand.php">
      <class name="Quantum\Console\Commands\MigrationMigrateCommand" namespace="global">
        <metrics complexity="5" methods="1" coveredmethods="0" conditionals="0" coveredconditionals="0" statements="7" coveredstatements="0" elements="8" coveredelements="0"/>
      </class>
      <line num="54" type="method" name="exec" visibility="public" complexity="5" crap="30" count="0"/>
      <line num="56" type="stmt" count="0"/>
      <line num="57" type="stmt" count="0"/>
      <line num="59" type="stmt" count="0"/>
      <line num="62" type="stmt" count="0"/>
      <line num="63" type="stmt" count="0"/>
      <line num="64" type="stmt" count="0"/>
      <line num="65" type="stmt" count="0"/>
      <metrics loc="70" ncloc="40" classes="1" methods="1" coveredmethods="0" conditionals="0" coveredconditionals="0" statements="7" coveredstatements="0" elements="8" coveredelements="0"/>
    </file>
    <file name="D:\projects\forks\quantum-php-core\src\Console\Commands\OpenApiCommand.php">
      <class name="Quantum\Console\Commands\OpenApiCommand" namespace="global">
        <metrics complexity="15" methods="4" coveredmethods="0" conditionals="0" coveredconditionals="0" statements="28" coveredstatements="0" elements="32" coveredelements="0"/>
      </class>
      <line num="82" type="method" name="exec" visibility="public" complexity="7" crap="56" count="0"/>
      <line num="84" type="stmt" count="0"/>
      <line num="86" type="stmt" count="0"/>
      <line num="88" type="stmt" count="0"/>
      <line num="90" type="stmt" count="0"/>
      <line num="92" type="stmt" count="0"/>
      <line num="94" type="stmt" count="0"/>
      <line num="95" type="stmt" count="0"/>
      <line num="98" type="stmt" count="0"/>
      <line num="99" type="stmt" count="0"/>
      <line num="100" type="stmt" count="0"/>
      <line num="103" type="stmt" count="0"/>
      <line num="104" type="stmt" count="0"/>
      <line num="105" type="stmt" count="0"/>
      <line num="108" type="stmt" count="0"/>
      <line num="109" type="stmt" count="0"/>
      <line num="112" type="stmt" count="0"/>
      <line num="113" type="stmt" count="0"/>
      <line num="116" type="stmt" count="0"/>
      <line num="118" type="stmt" count="0"/>
      <line num="124" type="method" name="copyResources" visibility="private" complexity="6" crap="42" count="0"/>
      <line num="126" type="stmt" count="0"/>
      <line num="128" type="stmt" count="0"/>
      <line num="129" type="stmt" count="0"/>
      <line num="130" type="stmt" count="0"/>
      <line num="131" type="stmt" count="0"/>
      <line num="135" type="stmt" count="0"/>
      <line num="143" type="method" name="generateOpenapiSpecification" visibility="private" complexity="1" crap="2" count="0"/>
      <line num="145" type="stmt" count="0"/>
      <line num="153" type="method" name="openapiRoutes" visibility="private" complexity="1" crap="2" count="0"/>
      <line num="157" type="stmt" count="0"/>
      <line num="161" type="stmt" count="0"/>
      <metrics loc="169" ncloc="107" classes="1" methods="4" coveredmethods="0" conditionals="0" coveredconditionals="0" statements="28" coveredstatements="0" elements="32" coveredelements="0"/>
    </file>
    <file name="D:\projects\forks\quantum-php-core\src\Console\Commands\ServeCommand.php">
      <class name="Quantum\Console\Commands\ServeCommand" namespace="global">
        <metrics complexity="17" methods="7" coveredmethods="0" conditionals="0" coveredconditionals="0" statements="29" coveredstatements="0" elements="36" coveredelements="0"/>
      </class>
      <line num="84" type="method" name="exec" visibility="public" complexity="3" crap="12" count="0"/>
      <line num="86" type="stmt" count="0"/>
      <line num="87" type="stmt" count="0"/>
      <line num="88" type="stmt" count="0"/>
      <line num="90" type="stmt" count="0"/>
      <line num="91" type="stmt" count="0"/>
      <line num="92" type="stmt" count="0"/>
      <line num="94" type="stmt" count="0"/>
      <line num="95" type="stmt" count="0"/>
      <line num="104" type="method" name="runServerCommand" visibility="protected" complexity="1" crap="2" count="0"/>
      <line num="106" type="stmt" count="0"/>
      <line num="113" type="method" name="openBrowserCommand" visibility="protected" complexity="2" crap="6" count="0"/>
      <line num="115" type="stmt" count="0"/>
      <line num="117" type="stmt" count="0"/>
      <line num="118" type="stmt" count="0"/>
      <line num="121" type="stmt" count="0"/>
      <line num="128" type="method" name="portAvailable" visibility="protected" complexity="2" crap="6" count="0"/>
      <line num="130" type="stmt" count="0"/>
      <line num="132" type="stmt" count="0"/>
      <line num="133" type="stmt" count="0"/>
      <line num="135" type="stmt" count="0"/>
      <line num="136" type="stmt" count="0"/>
      <line num="144" type="method" name="detectPlatformCommand" visibility="protected" complexity="5" crap="30" count="0"/>
      <line num="146" type="stmt" count="0"/>
      <line num="147" type="stmt" count="0"/>
      <line num="148" type="stmt" count="0"/>
      <line num="149" type="stmt" count="0"/>
      <line num="150" type="stmt" count="0"/>
      <line num="151" type="stmt" count="0"/>
      <line num="152" type="stmt" count="0"/>
      <line num="154" type="stmt" count="0"/>
      <line num="162" type="method" name="host" visibility="protected" complexity="2" crap="6" count="0"/>
      <line num="164" type="stmt" count="0"/>
      <line num="171" type="method" name="port" visibility="protected" complexity="2" crap="6" count="0"/>
      <line num="173" type="stmt" count="0"/>
      <line num="174" type="stmt" count="0"/>
      <metrics loc="178" ncloc="102" classes="1" methods="7" coveredmethods="0" conditionals="0" coveredconditionals="0" statements="29" coveredstatements="0" elements="36" coveredelements="0"/>
    </file>
    <file name="D:\projects\forks\quantum-php-core\src\Console\Commands\VersionCommand.php">
      <class name="Quantum\Console\Commands\VersionCommand" namespace="global">
        <metrics complexity="1" methods="1" coveredmethods="0" conditionals="0" coveredconditionals="0" statements="5" coveredstatements="0" elements="6" coveredelements="0"/>
      </class>
      <line num="53" type="method" name="exec" visibility="public" complexity="1" crap="2" count="0"/>
      <line num="55" type="stmt" count="0"/>
      <line num="57" type="stmt" count="0"/>
      <line num="59" type="stmt" count="0"/>
      <line num="61" type="stmt" count="0"/>
      <line num="63" type="stmt" count="0"/>
      <metrics loc="67" ncloc="34" classes="1" methods="1" coveredmethods="0" conditionals="0" coveredconditionals="0" statements="5" coveredstatements="0" elements="6" coveredelements="0"/>
    </file>
    <file name="D:\projects\forks\quantum-php-core\src\Console\QtCommand.php">
      <class name="Quantum\Console\QtCommand" namespace="global">
        <metrics complexity="22" methods="12" coveredmethods="0" conditionals="0" coveredconditionals="0" statements="42" coveredstatements="0" elements="54" coveredelements="0"/>
      </class>
      <line num="77" type="method" name="__construct" visibility="public" complexity="1" crap="2" count="0"/>
      <line num="79" type="stmt" count="0"/>
      <line num="81" type="stmt" count="0"/>
      <line num="83" type="stmt" count="0"/>
      <line num="89" type="method" name="configure" visibility="protected" complexity="1" crap="2" count="0"/>
      <line num="91" type="stmt" count="0"/>
      <line num="92" type="stmt" count="0"/>
      <line num="100" type="method" name="execute" visibility="protected" complexity="2" crap="6" count="0"/>
      <line num="102" type="stmt" count="0"/>
      <line num="103" type="stmt" count="0"/>
      <line num="106" type="stmt" count="0"/>
      <line num="107" type="stmt" count="0"/>
      <line num="108" type="stmt" count="0"/>
      <line num="116" type="method" name="getArgument" visibility="protected" complexity="1" crap="2" count="0"/>
      <line num="118" type="stmt" count="0"/>
      <line num="126" type="method" name="getOption" visibility="protected" complexity="1" crap="2" count="0"/>
      <line num="128" type="stmt" count="0"/>
      <line num="135" type="method" name="output" visibility="public" complexity="1" crap="2" count="0"/>
      <line num="137" type="stmt" count="0"/>
      <line num="144" type="method" name="info" visibility="protected" complexity="1" crap="2" count="0"/>
      <line num="146" type="stmt" count="0"/>
      <line num="153" type="method" name="comment" visibility="protected" complexity="1" crap="2" count="0"/>
      <line num="155" type="stmt" count="0"/>
      <line num="162" type="method" name="question" visibility="protected" complexity="1" crap="2" count="0"/>
      <line num="164" type="stmt" count="0"/>
      <line num="171" type="method" name="error" visibility="protected" complexity="1" crap="2" count="0"/>
      <line num="173" type="stmt" count="0"/>
      <line num="179" type="method" name="setArguments" visibility="private" complexity="5" crap="30" count="0"/>
      <line num="181" type="stmt" count="0"/>
      <line num="182" type="stmt" count="0"/>
      <line num="183" type="stmt" count="0"/>
      <line num="184" type="stmt" count="0"/>
      <line num="185" type="stmt" count="0"/>
      <line num="186" type="stmt" count="0"/>
      <line num="187" type="stmt" count="0"/>
      <line num="188" type="stmt" count="0"/>
      <line num="189" type="stmt" count="0"/>
      <line num="190" type="stmt" count="0"/>
      <line num="191" type="stmt" count="0"/>
      <line num="199" type="method" name="setOptions" visibility="private" complexity="6" crap="42" count="0"/>
      <line num="201" type="stmt" count="0"/>
      <line num="202" type="stmt" count="0"/>
      <line num="203" type="stmt" count="0"/>
      <line num="204" type="stmt" count="0"/>
      <line num="205" type="stmt" count="0"/>
      <line num="206" type="stmt" count="0"/>
      <line num="207" type="stmt" count="0"/>
      <line num="208" type="stmt" count="0"/>
      <line num="209" type="stmt" count="0"/>
      <line num="210" type="stmt" count="0"/>
      <line num="211" type="stmt" count="0"/>
      <line num="212" type="stmt" count="0"/>
      <line num="213" type="stmt" count="0"/>
      <line num="214" type="stmt" count="0"/>
      <metrics loc="220" ncloc="130" classes="1" methods="12" coveredmethods="0" conditionals="0" coveredconditionals="0" statements="42" coveredstatements="0" elements="54" coveredelements="0"/>
    </file>
    <file name="D:\projects\forks\quantum-php-core\src\Console\QtConsole.php">
      <class name="Quantum\Console\QtConsole" namespace="global">
        <metrics complexity="6" methods="2" coveredmethods="0" conditionals="0" coveredconditionals="0" statements="22" coveredstatements="0" elements="24" coveredelements="0"/>
      </class>
      <line num="57" type="method" name="init" visibility="public" complexity="1" crap="2" count="0"/>
      <line num="59" type="stmt" count="0"/>
      <line num="61" type="stmt" count="0"/>
      <line num="63" type="stmt" count="0"/>
      <line num="65" type="stmt" count="0"/>
      <line num="67" type="stmt" count="0"/>
      <line num="68" type="stmt" count="0"/>
      <line num="70" type="stmt" count="0"/>
      <line num="72" type="stmt" count="0"/>
      <line num="74" type="stmt" count="0"/>
      <line num="76" type="stmt" count="0"/>
      <line num="82" type="method" name="register" visibility="private" complexity="5" crap="30" count="0"/>
      <line num="84" type="stmt" count="0"/>
      <line num="86" type="stmt" count="0"/>
      <line num="87" type="stmt" count="0"/>
      <line num="89" type="stmt" count="0"/>
      <line num="91" type="stmt" count="0"/>
      <line num="92" type="stmt" count="0"/>
      <line num="96" type="stmt" count="0"/>
      <line num="97" type="stmt" count="0"/>
      <line num="98" type="stmt" count="0"/>
      <line num="100" type="stmt" count="0"/>
      <line num="102" type="stmt" count="0"/>
      <line num="103" type="stmt" count="0"/>
      <metrics loc="109" ncloc="71" classes="1" methods="2" coveredmethods="0" conditionals="0" coveredconditionals="0" statements="22" coveredstatements="0" elements="24" coveredelements="0"/>
    </file>
    <file name="D:\projects\forks\quantum-php-core\src\Contracts\ReportableInterface.php">
      <metrics loc="32" ncloc="11" classes="0" methods="0" coveredmethods="0" conditionals="0" coveredconditionals="0" statements="0" coveredstatements="0" elements="0" coveredelements="0"/>
    </file>
    <file name="D:\projects\forks\quantum-php-core\src\Contracts\StorageInterface.php">
      <metrics loc="61" ncloc="21" classes="0" methods="0" coveredmethods="0" conditionals="0" coveredconditionals="0" statements="0" coveredstatements="0" elements="0" coveredelements="0"/>
    </file>
    <file name="D:\projects\forks\quantum-php-core\src\Debugger\Debugger.php">
      <class name="Quantum\Debugger\Debugger" namespace="global">
        <metrics complexity="13" methods="8" coveredmethods="0" conditionals="0" coveredconditionals="0" statements="35" coveredstatements="0" elements="43" coveredelements="0"/>
      </class>
      <line num="90" type="method" name="__construct" visibility="public" complexity="1" crap="2" count="0"/>
      <line num="92" type="stmt" count="0"/>
      <line num="94" type="stmt" count="0"/>
      <line num="95" type="stmt" count="0"/>
      <line num="96" type="stmt" count="0"/>
      <line num="97" type="stmt" count="0"/>
      <line num="98" type="stmt" count="0"/>
      <line num="104" type="method" name="initStore" visibility="public" complexity="1" crap="2" count="0"/>
      <line num="106" type="stmt" count="0"/>
      <line num="107" type="stmt" count="0"/>
      <line num="108" type="stmt" count="0"/>
      <line num="109" type="stmt" count="0"/>
      <line num="110" type="stmt" count="0"/>
      <line num="119" type="method" name="addToStore" visibility="public" complexity="2" crap="6" count="0"/>
      <line num="121" type="stmt" count="0"/>
      <line num="122" type="stmt" count="0"/>
      <line num="132" type="method" name="updateStoreCell" visibility="public" complexity="2" crap="6" count="0"/>
      <line num="134" type="stmt" count="0"/>
      <line num="135" type="stmt" count="0"/>
      <line num="136" type="stmt" count="0"/>
      <line num="137" type="stmt" count="0"/>
      <line num="145" type="method" name="clearStoreCell" visibility="public" complexity="1" crap="2" count="0"/>
      <line num="147" type="stmt" count="0"/>
      <line num="155" type="method" name="render" visibility="public" complexity="1" crap="2" count="0"/>
      <line num="157" type="stmt" count="0"/>
      <line num="158" type="stmt" count="0"/>
      <line num="159" type="stmt" count="0"/>
      <line num="160" type="stmt" count="0"/>
      <line num="161" type="stmt" count="0"/>
      <line num="163" type="stmt" count="0"/>
      <line num="165" type="stmt" count="0"/>
      <line num="173" type="method" name="createTab" visibility="protected" complexity="4" crap="20" count="0"/>
      <line num="175" type="stmt" count="0"/>
      <line num="176" type="stmt" count="0"/>
      <line num="179" type="stmt" count="0"/>
      <line num="180" type="stmt" count="0"/>
      <line num="181" type="stmt" count="0"/>
      <line num="182" type="stmt" count="0"/>
      <line num="191" type="method" name="getRenderer" visibility="protected" complexity="1" crap="2" count="0"/>
      <line num="193" type="stmt" count="0"/>
      <line num="194" type="stmt" count="0"/>
      <line num="195" type="stmt" count="0"/>
      <line num="196" type="stmt" count="0"/>
      <metrics loc="200" ncloc="113" classes="1" methods="8" coveredmethods="0" conditionals="0" coveredconditionals="0" statements="35" coveredstatements="0" elements="43" coveredelements="0"/>
    </file>
    <file name="D:\projects\forks\quantum-php-core\src\Di\Di.php">
      <class name="Quantum\Di\Di" namespace="global">
        <metrics complexity="25" methods="8" coveredmethods="5" conditionals="0" coveredconditionals="0" statements="47" coveredstatements="40" elements="55" coveredelements="45"/>
      </class>
      <line num="45" type="method" name="loadDefinitions" visibility="public" complexity="3" crap="3.14" count="397"/>
      <line num="47" type="stmt" count="397"/>
      <line num="48" type="stmt" count="48"/>
      <line num="50" type="stmt" count="48"/>
      <line num="51" type="stmt" count="0"/>
      <line num="64" type="method" name="autowire" visibility="public" complexity="6" crap="7.10" count="6"/>
      <line num="66" type="stmt" count="6"/>
      <line num="67" type="stmt" count="1"/>
      <line num="69" type="stmt" count="6"/>
      <line num="72" type="stmt" count="6"/>
      <line num="74" type="stmt" count="6"/>
      <line num="75" type="stmt" count="1"/>
      <line num="77" type="stmt" count="1"/>
      <line num="78" type="stmt" count="1"/>
      <line num="79" type="stmt" count="1"/>
      <line num="80" type="stmt" count="0"/>
      <line num="81" type="stmt" count="0"/>
      <line num="83" type="stmt" count="0"/>
      <line num="84" type="stmt" count="1"/>
      <line num="87" type="stmt" count="0"/>
      <line num="88" type="stmt" count="0"/>
      <line num="92" type="stmt" count="6"/>
      <line num="99" type="method" name="add" visibility="public" complexity="3" crap="3" count="1"/>
      <line num="101" type="stmt" count="1"/>
      <line num="102" type="stmt" count="1"/>
      <line num="113" type="method" name="get" visibility="public" complexity="3" crap="3" count="397"/>
      <line num="115" type="stmt" count="397"/>
      <line num="116" type="stmt" count="1"/>
      <line num="119" type="stmt" count="397"/>
      <line num="120" type="stmt" count="49"/>
      <line num="123" type="stmt" count="397"/>
      <line num="131" type="method" name="instantiate" visibility="protected" complexity="5" crap="5" count="49"/>
      <line num="133" type="stmt" count="49"/>
      <line num="135" type="stmt" count="49"/>
      <line num="137" type="stmt" count="49"/>
      <line num="139" type="stmt" count="49"/>
      <line num="140" type="stmt" count="48"/>
      <line num="141" type="stmt" count="48"/>
      <line num="143" type="stmt" count="48"/>
      <line num="144" type="stmt" count="48"/>
      <line num="147" type="stmt" count="48"/>
      <line num="151" type="stmt" count="49"/>
      <line num="159" type="method" name="instantiable" visibility="protected" complexity="2" crap="2" count="49"/>
      <line num="161" type="stmt" count="49"/>
      <line num="162" type="stmt" count="49"/>
      <line num="164" type="stmt" count="49"/>
      <line num="167" type="stmt" count="48"/>
      <line num="174" type="method" name="userDependencies" visibility="private" complexity="2" crap="2.03" count="48"/>
      <line num="176" type="stmt" count="48"/>
      <line num="178" type="stmt" count="48"/>
      <line num="180" type="stmt" count="48"/>
      <line num="181" type="stmt" count="48"/>
      <line num="184" type="stmt" count="0"/>
      <line num="191" type="method" name="coreDependencies" visibility="private" complexity="1" crap="1" count="48"/>
      <line num="194" type="stmt" count="48"/>
      <metrics loc="204" ncloc="141" classes="1" methods="8" coveredmethods="5" conditionals="0" coveredconditionals="0" statements="47" coveredstatements="40" elements="55" coveredelements="45"/>
    </file>
    <file name="D:\projects\forks\quantum-php-core\src\Environment\Environment.php">
      <class name="Quantum\Environment\Environment" namespace="global">
        <metrics complexity="14" methods="5" coveredmethods="3" conditionals="0" coveredconditionals="0" statements="30" coveredstatements="28" elements="35" coveredelements="31"/>
      </class>
      <line num="60" type="method" name="getInstance" visibility="public" complexity="2" crap="2" count="30"/>
      <line num="62" type="stmt" count="30"/>
      <line num="63" type="stmt" count="1"/>
      <line num="66" type="stmt" count="30"/>
      <line num="77" type="method" name="load" visibility="public" complexity="4" crap="4.03" count="28"/>
      <line num="79" type="stmt" count="28"/>
      <line num="81" type="stmt" count="28"/>
      <line num="82" type="stmt" count="28"/>
      <line num="85" type="stmt" count="28"/>
      <line num="87" type="stmt" count="28"/>
      <line num="88" type="stmt" count="0"/>
      <line num="91" type="stmt" count="28"/>
      <line num="93" type="stmt" count="28"/>
      <line num="102" type="method" name="getValue" visibility="public" complexity="3" crap="3.04" count="30"/>
      <line num="104" type="stmt" count="30"/>
      <line num="106" type="stmt" count="30"/>
      <line num="107" type="stmt" count="3"/>
      <line num="108" type="stmt" count="0"/>
      <line num="111" type="stmt" count="3"/>
      <line num="114" type="stmt" count="30"/>
      <line num="122" type="method" name="updateRow" visibility="public" complexity="2" crap="2" count="1"/>
      <line num="124" type="stmt" count="1"/>
      <line num="126" type="stmt" count="1"/>
      <line num="128" type="stmt" count="1"/>
      <line num="129" type="stmt" count="1"/>
      <line num="130" type="stmt" count="1"/>
      <line num="131" type="stmt" count="1"/>
      <line num="132" type="stmt" count="1"/>
      <line num="135" type="stmt" count="1"/>
      <line num="138" type="stmt" count="1"/>
      <line num="146" type="method" name="getRow" visibility="private" complexity="3" crap="3" count="1"/>
      <line num="148" type="stmt" count="1"/>
      <line num="149" type="stmt" count="1"/>
      <line num="150" type="stmt" count="1"/>
      <line num="154" type="stmt" count="1"/>
      <metrics loc="158" ncloc="98" classes="1" methods="5" coveredmethods="3" conditionals="0" coveredconditionals="0" statements="30" coveredstatements="28" elements="35" coveredelements="31"/>
    </file>
    <file name="D:\projects\forks\quantum-php-core\src\Environment\Server.php">
      <class name="Quantum\Environment\Server" namespace="global">
        <metrics complexity="21" methods="12" coveredmethods="0" conditionals="0" coveredconditionals="0" statements="18" coveredstatements="0" elements="30" coveredelements="0"/>
      </class>
      <line num="32" type="method" name="__construct" visibility="public" complexity="1" crap="2" count="0"/>
      <line num="34" type="stmt" count="0"/>
      <line num="40" type="method" name="all" visibility="public" complexity="1" crap="2" count="0"/>
      <line num="42" type="stmt" count="0"/>
      <line num="49" type="method" name="get" visibility="public" complexity="1" crap="2" count="0"/>
      <line num="51" type="stmt" count="0"/>
      <line num="57" type="method" name="uri" visibility="public" complexity="1" crap="2" count="0"/>
      <line num="59" type="stmt" count="0"/>
      <line num="65" type="method" name="query" visibility="public" complexity="1" crap="2" count="0"/>
      <line num="67" type="stmt" count="0"/>
      <line num="73" type="method" name="method" visibility="public" complexity="1" crap="2" count="0"/>
      <line num="75" type="stmt" count="0"/>
      <line num="81" type="method" name="protocol" visibility="public" complexity="5" crap="30" count="0"/>
      <line num="83" type="stmt" count="0"/>
      <line num="89" type="method" name="host" visibility="public" complexity="1" crap="2" count="0"/>
      <line num="91" type="stmt" count="0"/>
      <line num="97" type="method" name="port" visibility="public" complexity="1" crap="2" count="0"/>
      <line num="99" type="stmt" count="0"/>
      <line num="106" type="method" name="contentType" visibility="public" complexity="4" crap="20" count="0"/>
      <line num="108" type="stmt" count="0"/>
      <line num="109" type="stmt" count="0"/>
      <line num="110" type="stmt" count="0"/>
      <line num="113" type="stmt" count="0"/>
      <line num="116" type="stmt" count="0"/>
      <line num="122" type="method" name="referrer" visibility="public" complexity="1" crap="2" count="0"/>
      <line num="124" type="stmt" count="0"/>
      <line num="130" type="method" name="ajax" visibility="public" complexity="3" crap="12" count="0"/>
      <line num="132" type="stmt" count="0"/>
      <line num="133" type="stmt" count="0"/>
      <line num="136" type="stmt" count="0"/>
      <metrics loc="140" ncloc="84" classes="1" methods="12" coveredmethods="0" conditionals="0" coveredconditionals="0" statements="18" coveredstatements="0" elements="30" coveredelements="0"/>
    </file>
    <file name="D:\projects\forks\quantum-php-core\src\Exceptions\AppException.php">
      <class name="Quantum\Exceptions\AppException" namespace="global">
        <metrics complexity="3" methods="3" coveredmethods="1" conditionals="0" coveredconditionals="0" statements="3" coveredstatements="1" elements="6" coveredelements="2"/>
      </class>
      <line num="27" type="method" name="missingAppKey" visibility="public" complexity="1" crap="2" count="0"/>
      <line num="29" type="stmt" count="0"/>
      <line num="38" type="method" name="methodNotSupported" visibility="public" complexity="1" crap="1" count="1"/>
      <line num="40" type="stmt" count="1"/>
      <line num="47" type="method" name="unsupportedDriver" visibility="public" complexity="1" crap="2" count="0"/>
      <line num="49" type="stmt" count="0"/>
      <metrics loc="53" ncloc="25" classes="1" methods="3" coveredmethods="1" conditionals="0" coveredconditionals="0" statements="3" coveredstatements="1" elements="6" coveredelements="2"/>
    </file>
    <file name="D:\projects\forks\quantum-php-core\src\Exceptions\AssetException.php">
      <class name="Quantum\Exceptions\AssetException" namespace="global">
        <metrics complexity="1" methods="1" coveredmethods="0" conditionals="0" coveredconditionals="0" statements="1" coveredstatements="0" elements="2" coveredelements="0"/>
      </class>
      <line num="28" type="method" name="positionInUse" visibility="public" complexity="1" crap="2" count="0"/>
      <line num="30" type="stmt" count="0"/>
      <metrics loc="33" ncloc="13" classes="1" methods="1" coveredmethods="0" conditionals="0" coveredconditionals="0" statements="1" coveredstatements="0" elements="2" coveredelements="0"/>
    </file>
    <file name="D:\projects\forks\quantum-php-core\src\Exceptions\AuthException.php">
      <class name="Quantum\Exceptions\AuthException" namespace="global">
        <metrics complexity="7" methods="7" coveredmethods="2" conditionals="0" coveredconditionals="0" statements="7" coveredstatements="2" elements="14" coveredelements="4"/>
      </class>
      <line num="26" type="method" name="incorrectCredentials" visibility="public" complexity="1" crap="1" count="2"/>
      <line num="28" type="stmt" count="2"/>
      <line num="34" type="method" name="inactiveAccount" visibility="public" complexity="1" crap="1" count="2"/>
      <line num="36" type="stmt" count="2"/>
      <line num="42" type="method" name="incorrectVerificationCode" visibility="public" complexity="1" crap="2" count="0"/>
      <line num="44" type="stmt" count="0"/>
      <line num="50" type="method" name="verificationCodeExpired" visibility="public" complexity="1" crap="2" count="0"/>
      <line num="52" type="stmt" count="0"/>
      <line num="58" type="method" name="misconfiguredAuthConfig" visibility="public" complexity="1" crap="2" count="0"/>
      <line num="60" type="stmt" count="0"/>
      <line num="66" type="method" name="undefinedAuthType" visibility="public" complexity="1" crap="2" count="0"/>
      <line num="68" type="stmt" count="0"/>
      <line num="74" type="method" name="incorrectUserSchema" visibility="public" complexity="1" crap="2" count="0"/>
      <line num="76" type="stmt" count="0"/>
      <metrics loc="79" ncloc="43" classes="1" methods="7" coveredmethods="2" conditionals="0" coveredconditionals="0" statements="7" coveredstatements="2" elements="14" coveredelements="4"/>
    </file>
    <file name="D:\projects\forks\quantum-php-core\src\Exceptions\CacheException.php">
      <class name="Quantum\Exceptions\CacheException" namespace="global">
        <metrics complexity="1" methods="1" coveredmethods="0" conditionals="0" coveredconditionals="0" statements="1" coveredstatements="0" elements="2" coveredelements="0"/>
      </class>
      <line num="27" type="method" name="cantConnect" visibility="public" complexity="1" crap="2" count="0"/>
      <line num="29" type="stmt" count="0"/>
      <metrics loc="32" ncloc="13" classes="1" methods="1" coveredmethods="0" conditionals="0" coveredconditionals="0" statements="1" coveredstatements="0" elements="2" coveredelements="0"/>
    </file>
    <file name="D:\projects\forks\quantum-php-core\src\Exceptions\ConfigException.php">
      <class name="Quantum\Exceptions\ConfigException" namespace="global">
        <metrics complexity="2" methods="2" coveredmethods="2" conditionals="0" coveredconditionals="0" statements="2" coveredstatements="2" elements="4" coveredelements="4"/>
      </class>
      <line num="28" type="method" name="configAlreadyLoaded" visibility="public" complexity="1" crap="1" count="1"/>
      <line num="30" type="stmt" count="1"/>
      <line num="37" type="method" name="configCollision" visibility="public" complexity="1" crap="1" count="1"/>
      <line num="39" type="stmt" count="1"/>
      <metrics loc="43" ncloc="19" classes="1" methods="2" coveredmethods="2" conditionals="0" coveredconditionals="0" statements="2" coveredstatements="2" elements="4" coveredelements="4"/>
    </file>
    <file name="D:\projects\forks\quantum-php-core\src\Exceptions\ControllerException.php">
      <class name="Quantum\Exceptions\ControllerException" namespace="global">
        <metrics complexity="4" methods="4" coveredmethods="1" conditionals="0" coveredconditionals="0" statements="4" coveredstatements="1" elements="8" coveredelements="2"/>
      </class>
      <line num="29" type="method" name="controllerNotFound" visibility="public" complexity="1" crap="2" count="0"/>
      <line num="31" type="stmt" count="0"/>
      <line num="38" type="method" name="controllerNotDefined" visibility="public" complexity="1" crap="2" count="0"/>
      <line num="40" type="stmt" count="0"/>
      <line num="47" type="method" name="actionNotDefined" visibility="public" complexity="1" crap="2" count="0"/>
      <line num="49" type="stmt" count="0"/>
      <line num="56" type="method" name="undefinedMethod" visibility="public" complexity="1" crap="1" count="1"/>
      <line num="58" type="stmt" count="1"/>
      <metrics loc="61" ncloc="28" classes="1" methods="4" coveredmethods="1" conditionals="0" coveredconditionals="0" statements="4" coveredstatements="1" elements="8" coveredelements="2"/>
    </file>
    <file name="D:\projects\forks\quantum-php-core\src\Exceptions\CryptorException.php">
      <class name="Quantum\Exceptions\CryptorException" namespace="global">
        <metrics complexity="6" methods="6" coveredmethods="2" conditionals="0" coveredconditionals="0" statements="6" coveredstatements="2" elements="12" coveredelements="4"/>
      </class>
      <line num="26" type="method" name="configNotFound" visibility="public" complexity="1" crap="2" count="0"/>
      <line num="28" type="stmt" count="0"/>
      <line num="34" type="method" name="noPublicKeyCreated" visibility="public" complexity="1" crap="2" count="0"/>
      <line num="36" type="stmt" count="0"/>
      <line num="42" type="method" name="noPrivateKeyCreated" visibility="public" complexity="1" crap="2" count="0"/>
      <line num="44" type="stmt" count="0"/>
      <line num="50" type="method" name="publicKeyNotProvided" visibility="public" complexity="1" crap="1" count="1"/>
      <line num="52" type="stmt" count="1"/>
      <line num="58" type="method" name="privateKeyNotProvided" visibility="public" complexity="1" crap="1" count="1"/>
      <line num="60" type="stmt" count="1"/>
      <line num="66" type="method" name="invalidCipher" visibility="public" complexity="1" crap="2" count="0"/>
      <line num="68" type="stmt" count="0"/>
      <metrics loc="71" ncloc="38" classes="1" methods="6" coveredmethods="2" conditionals="0" coveredconditionals="0" statements="6" coveredstatements="2" elements="12" coveredelements="4"/>
    </file>
    <file name="D:\projects\forks\quantum-php-core\src\Exceptions\CsrfException.php">
      <class name="Quantum\Exceptions\CsrfException" namespace="global">
        <metrics complexity="2" methods="2" coveredmethods="2" conditionals="0" coveredconditionals="0" statements="2" coveredstatements="2" elements="4" coveredelements="4"/>
      </class>
      <line num="26" type="method" name="tokenNotFound" visibility="public" complexity="1" crap="1" count="1"/>
      <line num="28" type="stmt" count="1"/>
      <line num="34" type="method" name="tokenNotMatched" visibility="public" complexity="1" crap="1" count="1"/>
      <line num="36" type="stmt" count="1"/>
      <metrics loc="39" ncloc="18" classes="1" methods="2" coveredmethods="2" conditionals="0" coveredconditionals="0" statements="2" coveredstatements="2" elements="4" coveredelements="4"/>
    </file>
    <file name="D:\projects\forks\quantum-php-core\src\Exceptions\DatabaseException.php">
      <class name="Quantum\Exceptions\DatabaseException" namespace="global">
        <metrics complexity="5" methods="5" coveredmethods="0" conditionals="0" coveredconditionals="0" statements="5" coveredstatements="0" elements="10" coveredelements="0"/>
      </class>
      <line num="26" type="method" name="missingConfig" visibility="public" complexity="1" crap="2" count="0"/>
      <line num="28" type="stmt" count="0"/>
      <line num="34" type="method" name="incorrectConfig" visibility="public" complexity="1" crap="2" count="0"/>
      <line num="36" type="stmt" count="0"/>
      <line num="42" type="method" name="ormClassNotDefined" visibility="public" complexity="1" crap="2" count="0"/>
      <line num="44" type="stmt" count="0"/>
      <line num="51" type="method" name="ormClassNotFound" visibility="public" complexity="1" crap="2" count="0"/>
      <line num="53" type="stmt" count="0"/>
      <line num="60" type="method" name="operatorNotSupported" visibility="public" complexity="1" crap="2" count="0"/>
      <line num="62" type="stmt" count="0"/>
      <metrics loc="65" ncloc="33" classes="1" methods="5" coveredmethods="0" conditionals="0" coveredconditionals="0" statements="5" coveredstatements="0" elements="10" coveredelements="0"/>
    </file>
    <file name="D:\projects\forks\quantum-php-core\src\Exceptions\DiException.php">
      <class name="Quantum\Exceptions\DiException" namespace="global">
        <metrics complexity="1" methods="1" coveredmethods="1" conditionals="0" coveredconditionals="0" statements="1" coveredstatements="1" elements="2" coveredelements="2"/>
      </class>
      <line num="27" type="method" name="dependencyNotDefined" visibility="public" complexity="1" crap="1" count="1"/>
      <line num="29" type="stmt" count="1"/>
      <metrics loc="32" ncloc="13" classes="1" methods="1" coveredmethods="1" conditionals="0" coveredconditionals="0" statements="1" coveredstatements="1" elements="2" coveredelements="2"/>
    </file>
    <file name="D:\projects\forks\quantum-php-core\src\Exceptions\EnvException.php">
      <class name="Quantum\Exceptions\EnvException" namespace="global">
        <metrics complexity="1" methods="1" coveredmethods="0" conditionals="0" coveredconditionals="0" statements="1" coveredstatements="0" elements="2" coveredelements="0"/>
      </class>
      <line num="26" type="method" name="fileNotFound" visibility="public" complexity="1" crap="2" count="0"/>
      <line num="28" type="stmt" count="0"/>
      <metrics loc="31" ncloc="13" classes="1" methods="1" coveredmethods="0" conditionals="0" coveredconditionals="0" statements="1" coveredstatements="0" elements="2" coveredelements="0"/>
    </file>
    <file name="D:\projects\forks\quantum-php-core\src\Exceptions\FileSystemException.php">
      <class name="Quantum\Exceptions\FileSystemException" namespace="global">
        <metrics complexity="3" methods="3" coveredmethods="1" conditionals="0" coveredconditionals="0" statements="3" coveredstatements="1" elements="6" coveredelements="2"/>
      </class>
      <line num="28" type="method" name="directoryNotExists" visibility="public" complexity="1" crap="2" count="0"/>
      <line num="30" type="stmt" count="0"/>
      <line num="37" type="method" name="directoryNotWritable" visibility="public" complexity="1" crap="2" count="0"/>
      <line num="39" type="stmt" count="0"/>
      <line num="45" type="method" name="fileAlreadyExists" visibility="public" complexity="1" crap="1" count="1"/>
      <line num="47" type="stmt" count="1"/>
      <metrics loc="51" ncloc="25" classes="1" methods="3" coveredmethods="1" conditionals="0" coveredconditionals="0" statements="3" coveredstatements="1" elements="6" coveredelements="2"/>
    </file>
    <file name="D:\projects\forks\quantum-php-core\src\Exceptions\FileUploadException.php">
      <class name="Quantum\Exceptions\FileUploadException" namespace="global">
        <metrics complexity="3" methods="3" coveredmethods="1" conditionals="0" coveredconditionals="0" statements="3" coveredstatements="1" elements="6" coveredelements="2"/>
      </class>
      <line num="26" type="method" name="fileNotUploaded" visibility="public" complexity="1" crap="2" count="0"/>
      <line num="28" type="stmt" count="0"/>
      <line num="35" type="method" name="fileNotFound" visibility="public" complexity="1" crap="1" count="1"/>
      <line num="37" type="stmt" count="1"/>
      <line num="44" type="method" name="fileTypeNotAllowed" visibility="public" complexity="1" crap="2" count="0"/>
      <line num="46" type="stmt" count="0"/>
      <metrics loc="50" ncloc="24" classes="1" methods="3" coveredmethods="1" conditionals="0" coveredconditionals="0" statements="3" coveredstatements="1" elements="6" coveredelements="2"/>
    </file>
    <file name="D:\projects\forks\quantum-php-core\src\Exceptions\HookException.php">
      <class name="Quantum\Exceptions\HookException" namespace="global">
        <metrics complexity="2" methods="2" coveredmethods="1" conditionals="0" coveredconditionals="0" statements="2" coveredstatements="1" elements="4" coveredelements="2"/>
      </class>
      <line num="27" type="method" name="hookDuplicateName" visibility="public" complexity="1" crap="2" count="0"/>
      <line num="29" type="stmt" count="0"/>
      <line num="36" type="method" name="unregisteredHookName" visibility="public" complexity="1" crap="1" count="2"/>
      <line num="38" type="stmt" count="2"/>
      <metrics loc="41" ncloc="18" classes="1" methods="2" coveredmethods="1" conditionals="0" coveredconditionals="0" statements="2" coveredstatements="1" elements="4" coveredelements="2"/>
    </file>
    <file name="D:\projects\forks\quantum-php-core\src\Exceptions\HttpException.php">
      <class name="Quantum\Exceptions\HttpException" namespace="global">
        <metrics complexity="4" methods="4" coveredmethods="0" conditionals="0" coveredconditionals="0" statements="4" coveredstatements="0" elements="8" coveredelements="0"/>
      </class>
      <line num="26" type="method" name="unexpectedRequestInitialization" visibility="public" complexity="1" crap="2" count="0"/>
      <line num="28" type="stmt" count="0"/>
      <line num="34" type="method" name="unexpectedResponseInitialization" visibility="public" complexity="1" crap="2" count="0"/>
      <line num="36" type="stmt" count="0"/>
      <line num="43" type="method" name="methodNotAvailable" visibility="public" complexity="1" crap="2" count="0"/>
      <line num="45" type="stmt" count="0"/>
      <line num="51" type="method" name="contentTypeNotSupported" visibility="public" complexity="1" crap="2" count="0"/>
      <line num="52" type="stmt" count="0"/>
      <metrics loc="56" ncloc="28" classes="1" methods="4" coveredmethods="0" conditionals="0" coveredconditionals="0" statements="4" coveredstatements="0" elements="8" coveredelements="0"/>
    </file>
    <file name="D:\projects\forks\quantum-php-core\src\Exceptions\JwtException.php">
      <class name="Quantum\Exceptions\JwtException" namespace="global">
        <metrics complexity="1" methods="1" coveredmethods="0" conditionals="0" coveredconditionals="0" statements="1" coveredstatements="0" elements="2" coveredelements="0"/>
      </class>
      <line num="26" type="method" name="payloadNotFound" visibility="public" complexity="1" crap="2" count="0"/>
      <line num="28" type="stmt" count="0"/>
      <metrics loc="31" ncloc="13" classes="1" methods="1" coveredmethods="0" conditionals="0" coveredconditionals="0" statements="1" coveredstatements="0" elements="2" coveredelements="0"/>
    </file>
    <file name="D:\projects\forks\quantum-php-core\src\Exceptions\LangException.php">
      <class name="Quantum\Exceptions\LangException" namespace="global">
        <metrics complexity="3" methods="3" coveredmethods="0" conditionals="0" coveredconditionals="0" statements="3" coveredstatements="0" elements="6" coveredelements="0"/>
      </class>
      <line num="26" type="method" name="misconfiguredConfig" visibility="public" complexity="1" crap="2" count="0"/>
      <line num="28" type="stmt" count="0"/>
      <line num="35" type="method" name="translationsNotFound" visibility="public" complexity="1" crap="2" count="0"/>
      <line num="37" type="stmt" count="0"/>
      <line num="43" type="method" name="misconfiguredDefaultConfig" visibility="public" complexity="1" crap="2" count="0"/>
      <line num="45" type="stmt" count="0"/>
      <metrics loc="48" ncloc="23" classes="1" methods="3" coveredmethods="0" conditionals="0" coveredconditionals="0" statements="3" coveredstatements="0" elements="6" coveredelements="0"/>
    </file>
    <file name="D:\projects\forks\quantum-php-core\src\Exceptions\LoaderException.php">
      <class name="Quantum\Exceptions\LoaderException" namespace="global">
        <metrics complexity="0" methods="0" coveredmethods="0" conditionals="0" coveredconditionals="0" statements="0" coveredstatements="0" elements="0" coveredelements="0"/>
      </class>
      <metrics loc="27" ncloc="10" classes="0" methods="0" coveredmethods="0" conditionals="0" coveredconditionals="0" statements="0" coveredstatements="0" elements="0" coveredelements="0"/>
    </file>
    <file name="D:\projects\forks\quantum-php-core\src\Exceptions\MiddlewareException.php">
      <class name="Quantum\Exceptions\MiddlewareException" namespace="global">
        <metrics complexity="2" methods="2" coveredmethods="0" conditionals="0" coveredconditionals="0" statements="2" coveredstatements="0" elements="4" coveredelements="0"/>
      </class>
      <line num="27" type="method" name="notDefined" visibility="public" complexity="1" crap="2" count="0"/>
      <line num="29" type="stmt" count="0"/>
      <line num="36" type="method" name="middlewareNotFound" visibility="public" complexity="1" crap="2" count="0"/>
      <line num="38" type="stmt" count="0"/>
      <metrics loc="42" ncloc="19" classes="1" methods="2" coveredmethods="0" conditionals="0" coveredconditionals="0" statements="2" coveredstatements="0" elements="4" coveredelements="0"/>
    </file>
    <file name="D:\projects\forks\quantum-php-core\src\Exceptions\MigrationException.php">
      <class name="Quantum\Exceptions\MigrationException" namespace="global">
        <metrics complexity="7" methods="7" coveredmethods="2" conditionals="0" coveredconditionals="0" statements="7" coveredstatements="2" elements="14" coveredelements="4"/>
      </class>
      <line num="28" type="method" name="wrongDirection" visibility="public" complexity="1" crap="2" count="0"/>
      <line num="30" type="stmt" count="0"/>
      <line num="37" type="method" name="unsupportedAction" visibility="public" complexity="1" crap="2" count="0"/>
      <line num="39" type="stmt" count="0"/>
      <line num="46" type="method" name="tableAlreadyExists" visibility="public" complexity="1" crap="1" count="1"/>
      <line num="48" type="stmt" count="1"/>
      <line num="55" type="method" name="tableDoesnotExists" visibility="public" complexity="1" crap="1" count="3"/>
      <line num="57" type="stmt" count="3"/>
      <line num="64" type="method" name="columnNotAvailable" visibility="public" complexity="1" crap="2" count="0"/>
      <line num="66" type="stmt" count="0"/>
      <line num="73" type="method" name="methodNotDefined" visibility="public" complexity="1" crap="2" count="0"/>
      <line num="75" type="stmt" count="0"/>
      <line num="81" type="method" name="nothingToMigrate" visibility="public" complexity="1" crap="2" count="0"/>
      <line num="83" type="stmt" count="0"/>
      <metrics loc="87" ncloc="44" classes="1" methods="7" coveredmethods="2" conditionals="0" coveredconditionals="0" statements="7" coveredstatements="2" elements="14" coveredelements="4"/>
    </file>
    <file name="D:\projects\forks\quantum-php-core\src\Exceptions\ModelException.php">
      <class name="Quantum\Exceptions\ModelException" namespace="global">
        <metrics complexity="6" methods="6" coveredmethods="5" conditionals="0" coveredconditionals="0" statements="6" coveredstatements="5" elements="12" coveredelements="10"/>
      </class>
      <line num="27" type="method" name="notFound" visibility="public" complexity="1" crap="1" count="1"/>
      <line num="29" type="stmt" count="1"/>
      <line num="36" type="method" name="notModelInstance" visibility="public" complexity="1" crap="1" count="1"/>
      <line num="38" type="stmt" count="1"/>
      <line num="45" type="method" name="noTableDefined" visibility="public" complexity="1" crap="2" count="0"/>
      <line num="47" type="stmt" count="0"/>
      <line num="54" type="method" name="undefinedMethod" visibility="public" complexity="1" crap="1" count="1"/>
      <line num="56" type="stmt" count="1"/>
      <line num="63" type="method" name="inappropriateProperty" visibility="public" complexity="1" crap="1" count="1"/>
      <line num="65" type="stmt" count="1"/>
      <line num="72" type="method" name="wrongRelation" visibility="public" complexity="1" crap="1" count="2"/>
      <line num="74" type="stmt" count="2"/>
      <metrics loc="78" ncloc="39" classes="1" methods="6" coveredmethods="5" conditionals="0" coveredconditionals="0" statements="6" coveredstatements="5" elements="12" coveredelements="10"/>
    </file>
    <file name="D:\projects\forks\quantum-php-core\src\Exceptions\ModuleLoaderException.php">
      <class name="Quantum\Exceptions\ModuleLoaderException" namespace="global">
        <metrics complexity="1" methods="1" coveredmethods="0" conditionals="0" coveredconditionals="0" statements="1" coveredstatements="0" elements="2" coveredelements="0"/>
      </class>
      <line num="27" type="method" name="notFound" visibility="public" complexity="1" crap="2" count="0"/>
      <line num="29" type="stmt" count="0"/>
      <metrics loc="32" ncloc="13" classes="1" methods="1" coveredmethods="0" conditionals="0" coveredconditionals="0" statements="1" coveredstatements="0" elements="2" coveredelements="0"/>
    </file>
    <file name="D:\projects\forks\quantum-php-core\src\Exceptions\RouteException.php">
      <class name="Quantum\Exceptions\RouteException" namespace="global">
        <metrics complexity="10" methods="10" coveredmethods="6" conditionals="0" coveredconditionals="0" statements="10" coveredstatements="6" elements="20" coveredelements="12"/>
      </class>
      <line num="26" type="method" name="notFound" visibility="public" complexity="1" crap="2" count="0"/>
      <line num="28" type="stmt" count="0"/>
      <line num="34" type="method" name="notClosure" visibility="public" complexity="1" crap="2" count="0"/>
      <line num="36" type="stmt" count="0"/>
      <line num="43" type="method" name="repetitiveRouteSameMethod" visibility="public" complexity="1" crap="1" count="1"/>
      <line num="45" type="stmt" count="1"/>
      <line num="51" type="method" name="repetitiveRouteDifferentModules" visibility="public" complexity="1" crap="1" count="1"/>
      <line num="53" type="stmt" count="1"/>
      <line num="60" type="method" name="incorrectMethod" visibility="public" complexity="1" crap="1" count="1"/>
      <line num="62" type="stmt" count="1"/>
      <line num="68" type="method" name="nameBeforeDefinition" visibility="public" complexity="1" crap="1" count="1"/>
      <line num="70" type="stmt" count="1"/>
      <line num="76" type="method" name="nameOnGroup" visibility="public" complexity="1" crap="1" count="1"/>
      <line num="78" type="stmt" count="1"/>
      <line num="84" type="method" name="nonUniqueName" visibility="public" complexity="1" crap="1" count="1"/>
      <line num="86" type="stmt" count="1"/>
      <line num="93" type="method" name="paramNameNotAvailable" visibility="public" complexity="1" crap="2" count="0"/>
      <line num="95" type="stmt" count="0"/>
      <line num="102" type="method" name="paramNameNotValid" visibility="public" complexity="1" crap="2" count="0"/>
      <line num="104" type="stmt" count="0"/>
      <metrics loc="108" ncloc="59" classes="1" methods="10" coveredmethods="6" conditionals="0" coveredconditionals="0" statements="10" coveredstatements="6" elements="20" coveredelements="12"/>
    </file>
    <file name="D:\projects\forks\quantum-php-core\src\Exceptions\ServiceException.php">
      <class name="Quantum\Exceptions\ServiceException" namespace="global">
        <metrics complexity="3" methods="3" coveredmethods="2" conditionals="0" coveredconditionals="0" statements="3" coveredstatements="2" elements="6" coveredelements="4"/>
      </class>
      <line num="27" type="method" name="serviceNotFound" visibility="public" complexity="1" crap="1" count="1"/>
      <line num="29" type="stmt" count="1"/>
      <line num="36" type="method" name="notServiceInstance" visibility="public" complexity="1" crap="2" count="0"/>
      <line num="38" type="stmt" count="0"/>
      <line num="45" type="method" name="undefinedMethod" visibility="public" complexity="1" crap="1" count="1"/>
      <line num="47" type="stmt" count="1"/>
      <metrics loc="50" ncloc="23" classes="1" methods="3" coveredmethods="2" conditionals="0" coveredconditionals="0" statements="3" coveredstatements="2" elements="6" coveredelements="4"/>
    </file>
    <file name="D:\projects\forks\quantum-php-core\src\Exceptions\SessionException.php">
      <class name="Quantum\Exceptions\SessionException" namespace="global">
        <metrics complexity="3" methods="3" coveredmethods="0" conditionals="0" coveredconditionals="0" statements="3" coveredstatements="0" elements="6" coveredelements="0"/>
      </class>
      <line num="27" type="method" name="sessionNotStarted" visibility="public" complexity="1" crap="2" count="0"/>
      <line num="29" type="stmt" count="0"/>
      <line num="36" type="method" name="sessionNotDestroyed" visibility="public" complexity="1" crap="2" count="0"/>
      <line num="38" type="stmt" count="0"/>
      <line num="45" type="method" name="sessionTableNotProvided" visibility="public" complexity="1" crap="2" count="0"/>
      <line num="47" type="stmt" count="0"/>
      <metrics loc="50" ncloc="23" classes="1" methods="3" coveredmethods="0" conditionals="0" coveredconditionals="0" statements="3" coveredstatements="0" elements="6" coveredelements="0"/>
    </file>
    <file name="D:\projects\forks\quantum-php-core\src\Exceptions\StopExecutionException.php">
      <class name="Quantum\Exceptions\StopExecutionException" namespace="global">
        <metrics complexity="1" methods="1" coveredmethods="1" conditionals="0" coveredconditionals="0" statements="1" coveredstatements="1" elements="2" coveredelements="2"/>
      </class>
      <line num="26" type="method" name="executionTerminated" visibility="public" complexity="1" crap="1" count="4"/>
      <line num="28" type="stmt" count="4"/>
      <metrics loc="31" ncloc="13" classes="1" methods="1" coveredmethods="1" conditionals="0" coveredconditionals="0" statements="1" coveredstatements="1" elements="2" coveredelements="2"/>
    </file>
    <file name="D:\projects\forks\quantum-php-core\src\Exceptions\ViewException.php">
      <class name="Quantum\Exceptions\ViewException" namespace="global">
        <metrics complexity="4" methods="4" coveredmethods="1" conditionals="0" coveredconditionals="0" statements="4" coveredstatements="1" elements="8" coveredelements="2"/>
      </class>
      <line num="27" type="method" name="directInstantiation" visibility="public" complexity="1" crap="2" count="0"/>
      <line num="29" type="stmt" count="0"/>
      <line num="35" type="method" name="noLayoutSet" visibility="public" complexity="1" crap="1" count="1"/>
      <line num="37" type="stmt" count="1"/>
      <line num="44" type="method" name="fileNotFound" visibility="public" complexity="1" crap="2" count="0"/>
      <line num="46" type="stmt" count="0"/>
      <line num="52" type="method" name="missingTemplateEngineConfigs" visibility="public" complexity="1" crap="2" count="0"/>
      <line num="54" type="stmt" count="0"/>
      <metrics loc="58" ncloc="29" classes="1" methods="4" coveredmethods="1" conditionals="0" coveredconditionals="0" statements="4" coveredstatements="1" elements="8" coveredelements="2"/>
    </file>
    <file name="D:\projects\forks\quantum-php-core\src\Factory\ModelFactory.php">
      <class name="Quantum\Factory\ModelFactory" namespace="global">
        <metrics complexity="4" methods="1" coveredmethods="1" conditionals="0" coveredconditionals="0" statements="9" coveredstatements="9" elements="10" coveredelements="10"/>
      </class>
      <line num="39" type="method" name="get" visibility="public" complexity="4" crap="4" count="26"/>
      <line num="42" type="stmt" count="26"/>
      <line num="43" type="stmt" count="1"/>
      <line num="46" type="stmt" count="25"/>
      <line num="48" type="stmt" count="25"/>
      <line num="49" type="stmt" count="1"/>
      <line num="52" type="stmt" count="24"/>
      <line num="53" type="stmt" count="17"/>
      <line num="56" type="stmt" count="24"/>
      <line num="58" type="stmt" count="24"/>
      <metrics loc="62" ncloc="37" classes="1" methods="1" coveredmethods="1" conditionals="0" coveredconditionals="0" statements="9" coveredstatements="9" elements="10" coveredelements="10"/>
    </file>
    <file name="D:\projects\forks\quantum-php-core\src\Factory\ServiceFactory.php">
      <class name="Quantum\Factory\ServiceFactory" namespace="global">
        <metrics complexity="11" methods="6" coveredmethods="5" conditionals="0" coveredconditionals="0" statements="17" coveredstatements="16" elements="23" coveredelements="21"/>
      </class>
      <line num="43" type="method" name="get" visibility="public" complexity="1" crap="1" count="5"/>
      <line num="45" type="stmt" count="5"/>
      <line num="57" type="method" name="create" visibility="public" complexity="1" crap="1" count="3"/>
      <line num="59" type="stmt" count="3"/>
      <line num="62" type="method" name="reset" visibility="public" complexity="1" crap="1" count="6"/>
      <line num="64" type="stmt" count="6"/>
      <line num="76" type="method" name="locate" visibility="private" complexity="2" crap="2" count="5"/>
      <line num="78" type="stmt" count="5"/>
      <line num="79" type="stmt" count="1"/>
      <line num="82" type="stmt" count="5"/>
      <line num="94" type="method" name="instantiate" visibility="private" complexity="5" crap="5.03" count="7"/>
      <line num="96" type="stmt" count="7"/>
      <line num="97" type="stmt" count="1"/>
      <line num="100" type="stmt" count="6"/>
      <line num="102" type="stmt" count="6"/>
      <line num="103" type="stmt" count="0"/>
      <line num="106" type="stmt" count="6"/>
      <line num="107" type="stmt" count="6"/>
      <line num="110" type="stmt" count="6"/>
      <line num="111" type="stmt" count="5"/>
      <line num="114" type="stmt" count="6"/>
      <line num="125" type="method" name="getArgs" visibility="private" complexity="1" crap="1" count="5"/>
      <line num="127" type="stmt" count="5"/>
      <metrics loc="131" ncloc="68" classes="1" methods="6" coveredmethods="5" conditionals="0" coveredconditionals="0" statements="17" coveredstatements="16" elements="23" coveredelements="21"/>
    </file>
    <file name="D:\projects\forks\quantum-php-core\src\Factory\TableFactory.php">
      <class name="Quantum\Factory\TableFactory" namespace="global">
        <metrics complexity="11" methods="6" coveredmethods="6" conditionals="0" coveredconditionals="0" statements="19" coveredstatements="19" elements="25" coveredelements="25"/>
      </class>
      <line num="34" type="method" name="create" visibility="public" complexity="2" crap="2" count="2"/>
      <line num="36" type="stmt" count="2"/>
      <line num="37" type="stmt" count="1"/>
      <line num="40" type="stmt" count="1"/>
      <line num="49" type="method" name="get" visibility="public" complexity="2" crap="2" count="2"/>
      <line num="51" type="stmt" count="2"/>
      <line num="52" type="stmt" count="1"/>
      <line num="55" type="stmt" count="1"/>
      <line num="64" type="method" name="rename" visibility="public" complexity="2" crap="2" count="2"/>
      <line num="66" type="stmt" count="2"/>
      <line num="67" type="stmt" count="1"/>
      <line num="70" type="stmt" count="1"/>
      <line num="71" type="stmt" count="1"/>
      <line num="79" type="method" name="drop" visibility="public" complexity="2" crap="2" count="2"/>
      <line num="81" type="stmt" count="2"/>
      <line num="82" type="stmt" count="1"/>
      <line num="85" type="stmt" count="1"/>
      <line num="86" type="stmt" count="1"/>
      <line num="95" type="method" name="checkTableExists" visibility="public" complexity="2" crap="2" count="8"/>
      <line num="98" type="stmt" count="8"/>
      <line num="99" type="stmt" count="4"/>
      <line num="100" type="stmt" count="4"/>
      <line num="103" type="stmt" count="4"/>
      <line num="111" type="method" name="createInstance" visibility="private" complexity="1" crap="1" count="4"/>
      <line num="113" type="stmt" count="4"/>
      <metrics loc="117" ncloc="68" classes="1" methods="6" coveredmethods="6" conditionals="0" coveredconditionals="0" statements="19" coveredstatements="19" elements="25" coveredelements="25"/>
    </file>
    <file name="D:\projects\forks\quantum-php-core\src\Factory\ViewFactory.php">
      <class name="Quantum\Factory\ViewFactory" namespace="global">
        <metrics complexity="3" methods="2" coveredmethods="2" conditionals="0" coveredconditionals="0" statements="4" coveredstatements="4" elements="6" coveredelements="6"/>
      </class>
      <line num="37" type="method" name="getInstance" visibility="public" complexity="2" crap="2" count="11"/>
      <line num="39" type="stmt" count="11"/>
      <line num="40" type="stmt" count="1"/>
      <line num="43" type="stmt" count="11"/>
      <line num="52" type="method" name="__call" visibility="public" complexity="1" crap="1" count="1"/>
      <line num="54" type="stmt" count="1"/>
      <metrics loc="58" ncloc="28" classes="1" methods="2" coveredmethods="2" conditionals="0" coveredconditionals="0" statements="4" coveredstatements="4" elements="6" coveredelements="6"/>
    </file>
    <file name="D:\projects\forks\quantum-php-core\src\Helpers\config.php">
      <line num="25" type="stmt" count="397"/>
      <line num="37" type="stmt" count="28"/>
      <metrics loc="40" ncloc="19" classes="0" methods="0" coveredmethods="0" conditionals="0" coveredconditionals="0" statements="2" coveredstatements="2" elements="2" coveredelements="2"/>
    </file>
    <file name="D:\projects\forks\quantum-php-core\src\Helpers\dir.php">
      <line num="23" type="stmt" count="397"/>
      <line num="32" type="stmt" count="0"/>
      <line num="41" type="stmt" count="0"/>
      <line num="51" type="stmt" count="397"/>
      <line num="60" type="stmt" count="0"/>
      <line num="69" type="stmt" count="0"/>
      <line num="78" type="stmt" count="0"/>
      <line num="87" type="stmt" count="0"/>
      <metrics loc="92" ncloc="48" classes="0" methods="0" coveredmethods="0" conditionals="0" coveredconditionals="0" statements="8" coveredstatements="2" elements="8" coveredelements="2"/>
    </file>
    <file name="D:\projects\forks\quantum-php-core\src\Helpers\instance.php">
      <line num="39" type="stmt" count="16"/>
      <line num="48" type="stmt" count="9"/>
      <line num="61" type="stmt" count="0"/>
      <line num="72" type="stmt" count="0"/>
      <line num="81" type="stmt" count="2"/>
      <line num="90" type="stmt" count="5"/>
      <line num="103" type="stmt" count="0"/>
      <metrics loc="105" ncloc="51" classes="0" methods="0" coveredmethods="0" conditionals="0" coveredconditionals="0" statements="7" coveredstatements="4" elements="7" coveredelements="4"/>
    </file>
    <file name="D:\projects\forks\quantum-php-core\src\Helpers\lang.php">
      <line num="25" type="stmt" count="1"/>
      <line num="37" type="stmt" count="63"/>
      <line num="49" type="stmt" count="1"/>
      <metrics loc="54" ncloc="25" classes="0" methods="0" coveredmethods="0" conditionals="0" coveredconditionals="0" statements="3" coveredstatements="3" elements="3" coveredelements="3"/>
    </file>
    <file name="D:\projects\forks\quantum-php-core\src\Helpers\misc.php">
      <line num="33" type="stmt" count="1"/>
      <line num="35" type="stmt" count="1"/>
      <line num="36" type="stmt" count="0"/>
      <line num="39" type="stmt" count="1"/>
      <line num="50" type="stmt" count="7"/>
      <line num="51" type="stmt" count="1"/>
      <line num="52" type="stmt" count="1"/>
      <line num="55" type="stmt" count="7"/>
      <line num="66" type="stmt" count="1"/>
      <line num="69" type="stmt" count="1"/>
      <line num="70" type="stmt" count="0"/>
      <line num="74" type="stmt" count="1"/>
      <line num="75" type="stmt" count="0"/>
      <line num="79" type="stmt" count="1"/>
      <line num="80" type="stmt" count="1"/>
      <line num="83" type="stmt" count="1"/>
      <line num="93" type="stmt" count="0"/>
      <line num="95" type="stmt" count="0"/>
      <line num="96" type="stmt" count="0"/>
      <line num="97" type="stmt" count="0"/>
      <line num="99" type="stmt" count="0"/>
      <line num="100" type="stmt" count="0"/>
      <line num="101" type="stmt" count="0"/>
      <line num="105" type="stmt" count="0"/>
      <line num="115" type="stmt" count="1"/>
      <line num="116" type="stmt" count="1"/>
      <line num="118" type="stmt" count="1"/>
      <line num="128" type="stmt" count="0"/>
      <line num="129" type="stmt" count="0"/>
      <line num="131" type="stmt" count="0"/>
      <line num="141" type="stmt" count="4"/>
      <line num="142" type="stmt" count="1"/>
      <line num="145" type="stmt" count="4"/>
      <line num="155" type="stmt" count="1"/>
      <line num="156" type="stmt" count="1"/>
      <line num="157" type="stmt" count="1"/>
      <line num="159" type="stmt" count="1"/>
      <line num="169" type="stmt" count="1"/>
      <line num="170" type="stmt" count="1"/>
      <line num="171" type="stmt" count="1"/>
      <line num="172" type="stmt" count="1"/>
      <line num="173" type="stmt" count="1"/>
      <line num="175" type="stmt" count="1"/>
      <line num="176" type="stmt" count="0"/>
      <line num="178" type="stmt" count="1"/>
      <line num="193" type="stmt" count="1"/>
      <line num="203" type="stmt" count="6"/>
      <line num="214" type="stmt" count="0"/>
      <line num="225" type="stmt" count="29"/>
      <line num="226" type="stmt" count="29"/>
      <line num="237" type="stmt" count="23"/>
      <line num="238" type="stmt" count="0"/>
      <line num="241" type="stmt" count="23"/>
      <line num="243" type="stmt" count="23"/>
      <line num="244" type="stmt" count="6"/>
      <line num="247" type="stmt" count="23"/>
      <metrics loc="249" ncloc="159" classes="0" methods="0" coveredmethods="0" conditionals="0" coveredconditionals="0" statements="56" coveredstatements="39" elements="56" coveredelements="39"/>
    </file>
    <file name="D:\projects\forks\quantum-php-core\src\Helpers\mvc.php">
      <line num="23" type="stmt" count="1"/>
      <line num="32" type="stmt" count="397"/>
      <line num="41" type="stmt" count="2"/>
      <line num="50" type="stmt" count="2"/>
      <line num="59" type="stmt" count="0"/>
      <line num="68" type="stmt" count="1"/>
      <line num="77" type="stmt" count="4"/>
      <line num="87" type="stmt" count="2"/>
      <line num="89" type="stmt" count="2"/>
      <line num="90" type="stmt" count="2"/>
      <line num="91" type="stmt" count="2"/>
      <line num="92" type="stmt" count="2"/>
      <line num="97" type="stmt" count="0"/>
      <line num="106" type="stmt" count="1"/>
      <line num="115" type="stmt" count="1"/>
      <line num="124" type="stmt" count="1"/>
      <line num="133" type="stmt" count="0"/>
      <line num="142" type="stmt" count="48"/>
      <line num="153" type="stmt" count="1"/>
      <line num="154" type="stmt" count="1"/>
      <line num="155" type="stmt" count="1"/>
      <line num="156" type="stmt" count="1"/>
      <line num="158" type="stmt" count="1"/>
      <line num="162" type="stmt" count="1"/>
      <line num="173" type="stmt" count="1"/>
      <line num="174" type="stmt" count="1"/>
      <line num="175" type="stmt" count="1"/>
      <line num="176" type="stmt" count="1"/>
      <line num="178" type="stmt" count="1"/>
      <line num="182" type="stmt" count="1"/>
      <metrics loc="184" ncloc="108" classes="0" methods="0" coveredmethods="0" conditionals="0" coveredconditionals="0" statements="30" coveredstatements="27" elements="30" coveredelements="27"/>
    </file>
    <file name="D:\projects\forks\quantum-php-core\src\Helpers\server.php">
      <line num="24" type="stmt" count="0"/>
      <line num="26" type="stmt" count="0"/>
      <line num="27" type="stmt" count="0"/>
      <line num="28" type="stmt" count="0"/>
      <line num="29" type="stmt" count="0"/>
      <line num="31" type="stmt" count="0"/>
      <line num="34" type="stmt" count="0"/>
      <line num="37" type="stmt" count="29"/>
      <line num="47" type="stmt" count="0"/>
      <line num="49" type="stmt" count="0"/>
      <line num="51" type="stmt" count="0"/>
      <line num="52" type="stmt" count="0"/>
      <line num="55" type="stmt" count="0"/>
      <line num="57" type="stmt" count="0"/>
      <line num="58" type="stmt" count="0"/>
      <line num="59" type="stmt" count="0"/>
      <line num="63" type="stmt" count="0"/>
      <metrics loc="67" ncloc="46" classes="0" methods="0" coveredmethods="0" conditionals="0" coveredconditionals="0" statements="17" coveredstatements="1" elements="17" coveredelements="1"/>
    </file>
    <file name="D:\projects\forks\quantum-php-core\src\Helpers\url.php">
      <line num="25" type="stmt" count="5"/>
      <line num="34" type="stmt" count="1"/>
      <line num="44" type="stmt" count="1"/>
      <line num="61" type="stmt" count="1"/>
      <line num="62" type="stmt" count="1"/>
      <line num="78" type="stmt" count="1"/>
      <line num="79" type="stmt" count="1"/>
      <line num="81" type="stmt" count="1"/>
      <line num="82" type="stmt" count="1"/>
      <line num="83" type="stmt" count="1"/>
      <line num="84" type="stmt" count="1"/>
      <line num="85" type="stmt" count="1"/>
      <line num="89" type="stmt" count="0"/>
      <line num="98" type="stmt" count="0"/>
      <metrics loc="102" ncloc="50" classes="0" methods="0" coveredmethods="0" conditionals="0" coveredconditionals="0" statements="14" coveredstatements="12" elements="14" coveredelements="12"/>
    </file>
    <file name="D:\projects\forks\quantum-php-core\src\Helpers\var.php">
      <line num="26" type="stmt" count="0"/>
      <line num="27" type="stmt" count="0"/>
      <line num="37" type="stmt" count="0"/>
      <line num="38" type="stmt" count="0"/>
      <line num="48" type="stmt" count="0"/>
      <line num="49" type="stmt" count="0"/>
      <line num="59" type="stmt" count="0"/>
      <line num="60" type="stmt" count="0"/>
      <line num="70" type="stmt" count="0"/>
      <line num="71" type="stmt" count="0"/>
      <line num="82" type="stmt" count="0"/>
      <metrics loc="84" ncloc="42" classes="0" methods="0" coveredmethods="0" conditionals="0" coveredconditionals="0" statements="11" coveredstatements="0" elements="11" coveredelements="0"/>
    </file>
    <file name="D:\projects\forks\quantum-php-core\src\Helpers\view.php">
      <line num="24" type="stmt" count="3"/>
      <line num="41" type="stmt" count="2"/>
      <line num="51" type="stmt" count="0"/>
      <line num="61" type="stmt" count="0"/>
      <line num="62" type="stmt" count="0"/>
      <line num="65" type="stmt" count="0"/>
      <metrics loc="67" ncloc="30" classes="0" methods="0" coveredmethods="0" conditionals="0" coveredconditionals="0" statements="6" coveredstatements="2" elements="6" coveredelements="2"/>
    </file>
    <file name="D:\projects\forks\quantum-php-core\src\Hooks\HookManager.php">
      <class name="Quantum\Hooks\HookManager" namespace="global">
        <metrics complexity="15" methods="7" coveredmethods="5" conditionals="0" coveredconditionals="0" statements="21" coveredstatements="19" elements="28" coveredelements="24"/>
      </class>
      <line num="46" type="method" name="__construct" visibility="private" complexity="4" crap="4" count="1"/>
      <line num="48" type="stmt" count="1"/>
      <line num="49" type="stmt" count="1"/>
      <line num="52" type="stmt" count="1"/>
      <line num="54" type="stmt" count="1"/>
      <line num="55" type="stmt" count="1"/>
      <line num="63" type="method" name="getInstance" visibility="public" complexity="2" crap="2" count="5"/>
      <line num="65" type="stmt" count="5"/>
      <line num="66" type="stmt" count="1"/>
      <line num="69" type="stmt" count="5"/>
      <line num="78" type="method" name="on" visibility="public" complexity="2" crap="2" count="4"/>
      <line num="80" type="stmt" count="4"/>
      <line num="81" type="stmt" count="1"/>
      <line num="84" type="stmt" count="3"/>
      <line num="93" type="method" name="fire" visibility="public" complexity="3" crap="3" count="4"/>
      <line num="95" type="stmt" count="4"/>
      <line num="96" type="stmt" count="1"/>
      <line num="99" type="stmt" count="3"/>
      <line num="100" type="stmt" count="3"/>
      <line num="101" type="stmt" count="3"/>
      <line num="109" type="method" name="getRegistered" visibility="public" complexity="1" crap="2" count="0"/>
      <line num="111" type="stmt" count="0"/>
      <line num="119" type="method" name="register" visibility="protected" complexity="2" crap="2.15" count="1"/>
      <line num="121" type="stmt" count="1"/>
      <line num="122" type="stmt" count="0"/>
      <line num="125" type="stmt" count="1"/>
      <line num="133" type="method" name="exists" visibility="protected" complexity="1" crap="1" count="5"/>
      <line num="135" type="stmt" count="5"/>
      <metrics loc="139" ncloc="81" classes="1" methods="7" coveredmethods="5" conditionals="0" coveredconditionals="0" statements="21" coveredstatements="19" elements="28" coveredelements="24"/>
    </file>
    <file name="D:\projects\forks\quantum-php-core\src\Http\Request.php">
      <class name="Quantum\Http\Request" namespace="global">
        <metrics complexity="2" methods="2" coveredmethods="2" conditionals="0" coveredconditionals="0" statements="2" coveredstatements="2" elements="4" coveredelements="4"/>
      </class>
      <line num="72" type="method" name="__call" visibility="public" complexity="1" crap="1" count="34"/>
[...]
      <class name="Quantum\Renderer\DefaultRenderer" namespace="global">
        <metrics complexity="4" methods="1" coveredmethods="0" conditionals="0" coveredconditionals="0" statements="12" coveredstatements="11" elements="13" coveredelements="11"/>
      </class>
      <line num="34" type="method" name="render" visibility="public" complexity="4" crap="4.01" count="6"/>
      <line num="36" type="stmt" count="6"/>
      <line num="38" type="stmt" count="6"/>
      <line num="40" type="stmt" count="6"/>
      <line num="41" type="stmt" count="1"/>
      <line num="42" type="stmt" count="1"/>
      <line num="43" type="stmt" count="0"/>
      <line num="47" type="stmt" count="6"/>
      <line num="48" type="stmt" count="6"/>
      <line num="50" type="stmt" count="6"/>
      <line num="51" type="stmt" count="4"/>
      <line num="54" type="stmt" count="6"/>
      <line num="56" type="stmt" count="6"/>
      <metrics loc="59" ncloc="38" classes="1" methods="1" coveredmethods="0" conditionals="0" coveredconditionals="0" statements="12" coveredstatements="11" elements="13" coveredelements="11"/>
    </file>
    <file name="D:\projects\forks\quantum-php-core\src\Renderer\TemplateRenderer.php">
      <metrics loc="27" ncloc="9" classes="0" methods="0" coveredmethods="0" conditionals="0" coveredconditionals="0" statements="0" coveredstatements="0" elements="0" coveredelements="0"/>
    </file>
    <file name="D:\projects\forks\quantum-php-core\src\Renderer\TwigRenderer.php">
      <class name="Quantum\Renderer\TwigRenderer" namespace="global">
        <metrics complexity="5" methods="1" coveredmethods="0" conditionals="0" coveredconditionals="0" statements="13" coveredstatements="0" elements="14" coveredelements="0"/>
      </class>
      <line num="39" type="method" name="render" visibility="public" complexity="5" crap="30" count="0"/>
      <line num="41" type="stmt" count="0"/>
      <line num="43" type="stmt" count="0"/>
      <line num="44" type="stmt" count="0"/>
      <line num="45" type="stmt" count="0"/>
      <line num="46" type="stmt" count="0"/>
      <line num="48" type="stmt" count="0"/>
      <line num="51" type="stmt" count="0"/>
      <line num="53" type="stmt" count="0"/>
      <line num="55" type="stmt" count="0"/>
      <line num="57" type="stmt" count="0"/>
      <line num="58" type="stmt" count="0"/>
      <line num="59" type="stmt" count="0"/>
      <line num="63" type="stmt" count="0"/>
      <metrics loc="66" ncloc="42" classes="1" methods="1" coveredmethods="0" conditionals="0" coveredconditionals="0" statements="13" coveredstatements="0" elements="14" coveredelements="0"/>
    </file>
    <file name="D:\projects\forks\quantum-php-core\src\Router\ModuleLoader.php">
      <class name="Quantum\Router\ModuleLoader" namespace="global">
        <metrics complexity="5" methods="1" coveredmethods="0" conditionals="0" coveredconditionals="0" statements="14" coveredstatements="0" elements="15" coveredelements="0"/>
      </class>
      <line num="37" type="method" name="loadModulesRoutes" visibility="public" complexity="5" crap="30" count="0"/>
      <line num="39" type="stmt" count="0"/>
      <line num="41" type="stmt" count="0"/>
      <line num="43" type="stmt" count="0"/>
      <line num="45" type="stmt" count="0"/>
      <line num="46" type="stmt" count="0"/>
      <line num="49" type="stmt" count="0"/>
      <line num="51" type="stmt" count="0"/>
      <line num="52" type="stmt" count="0"/>
      <line num="55" type="stmt" count="0"/>
      <line num="57" type="stmt" count="0"/>
      <line num="58" type="stmt" count="0"/>
      <line num="61" type="stmt" count="0"/>
      <line num="63" type="stmt" count="0"/>
      <line num="65" type="stmt" count="0"/>
      <metrics loc="70" ncloc="48" classes="1" methods="1" coveredmethods="0" conditionals="0" coveredconditionals="0" statements="14" coveredstatements="0" elements="15" coveredelements="0"/>
    </file>
    <file name="D:\projects\forks\quantum-php-core\src\Router\Route.php">
      <class name="Quantum\Router\Route" namespace="global">
        <metrics complexity="27" methods="10" coveredmethods="10" conditionals="0" coveredconditionals="0" statements="64" coveredstatements="64" elements="74" coveredelements="74"/>
      </class>
      <line num="74" type="method" name="__construct" visibility="public" complexity="1" crap="1" count="13"/>
      <line num="76" type="stmt" count="13"/>
      <line num="77" type="stmt" count="13"/>
      <line num="78" type="stmt" count="13"/>
      <line num="88" type="method" name="add" visibility="public" complexity="4" crap="4" count="12"/>
      <line num="90" type="stmt" count="12"/>
      <line num="91" type="stmt" count="12"/>
      <line num="92" type="stmt" count="12"/>
      <line num="94" type="stmt" count="12"/>
      <line num="97" type="stmt" count="12"/>
      <line num="98" type="stmt" count="2"/>
      <line num="100" type="stmt" count="10"/>
      <line num="101" type="stmt" count="10"/>
      <line num="104" type="stmt" count="12"/>
      <line num="105" type="stmt" count="5"/>
      <line num="106" type="stmt" count="5"/>
      <line num="108" type="stmt" count="8"/>
      <line num="109" type="stmt" count="8"/>
      <line num="110" type="stmt" count="8"/>
      <line num="113" type="stmt" count="12"/>
      <line num="122" type="method" name="get" visibility="public" complexity="1" crap="1" count="2"/>
      <line num="124" type="stmt" count="2"/>
      <line num="133" type="method" name="post" visibility="public" complexity="1" crap="1" count="4"/>
      <line num="135" type="stmt" count="4"/>
      <line num="144" type="method" name="group" visibility="public" complexity="1" crap="1" count="5"/>
      <line num="146" type="stmt" count="5"/>
      <line num="148" type="stmt" count="5"/>
      <line num="149" type="stmt" count="5"/>
      <line num="150" type="stmt" count="5"/>
      <line num="151" type="stmt" count="5"/>
      <line num="152" type="stmt" count="5"/>
      <line num="154" type="stmt" count="5"/>
      <line num="162" type="method" name="middlewares" visibility="public" complexity="4" crap="4" count="2"/>
      <line num="164" type="stmt" count="2"/>
      <line num="165" type="stmt" count="1"/>
      <line num="166" type="stmt" count="1"/>
      <line num="167" type="stmt" count="1"/>
      <line num="168" type="stmt" count="1"/>
      <line num="171" type="stmt" count="1"/>
      <line num="172" type="stmt" count="1"/>
      <line num="174" type="stmt" count="1"/>
      <line num="175" type="stmt" count="1"/>
      <line num="176" type="stmt" count="1"/>
      <line num="177" type="stmt" count="1"/>
      <line num="178" type="stmt" count="1"/>
      <line num="181" type="stmt" count="1"/>
      <line num="182" type="stmt" count="1"/>
      <line num="185" type="stmt" count="1"/>
      <line num="194" type="method" name="name" visibility="public" complexity="8" crap="8" count="6"/>
      <line num="196" type="stmt" count="6"/>
      <line num="197" type="stmt" count="1"/>
      <line num="200" type="stmt" count="5"/>
      <line num="201" type="stmt" count="1"/>
      <line num="204" type="stmt" count="4"/>
      <line num="205" type="stmt" count="4"/>
      <line num="206" type="stmt" count="4"/>
      <line num="207" type="stmt" count="1"/>
      <line num="210" type="stmt" count="4"/>
      <line num="211" type="stmt" count="4"/>
      <line num="216" type="stmt" count="4"/>
      <line num="223" type="method" name="getRuntimeRoutes" visibility="public" complexity="3" crap="3" count="8"/>
      <line num="225" type="stmt" count="8"/>
      <line num="226" type="stmt" count="8"/>
      <line num="227" type="stmt" count="8"/>
      <line num="228" type="stmt" count="8"/>
      <line num="231" type="stmt" count="8"/>
      <line num="238" type="method" name="getVirtualRoutes" visibility="public" complexity="1" crap="1" count="7"/>
      <line num="240" type="stmt" count="7"/>
      <line num="248" type="method" name="assignMiddlewaresToRoute" visibility="private" complexity="3" crap="3" count="2"/>
      <line num="250" type="stmt" count="2"/>
      <line num="251" type="stmt" count="2"/>
      <line num="253" type="stmt" count="1"/>
      <line num="255" type="stmt" count="1"/>
      <line num="256" type="stmt" count="1"/>
      <metrics loc="262" ncloc="165" classes="1" methods="10" coveredmethods="10" conditionals="0" coveredconditionals="0" statements="64" coveredstatements="64" elements="74" coveredelements="74"/>
    </file>
    <file name="D:\projects\forks\quantum-php-core\src\Router\RouteController.php">
      <class name="Quantum\Router\RouteController" namespace="global">
        <metrics complexity="2" methods="2" coveredmethods="2" conditionals="0" coveredconditionals="0" statements="2" coveredstatements="2" elements="4" coveredelements="4"/>
      </class>
      <line num="34" type="method" name="getCurrentRoute" visibility="public" complexity="1" crap="1" count="397"/>
      <line num="36" type="stmt" count="397"/>
      <line num="42" type="method" name="setCurrentRoute" visibility="public" complexity="1" crap="1" count="9"/>
      <line num="44" type="stmt" count="9"/>
      <metrics loc="48" ncloc="22" classes="1" methods="2" coveredmethods="2" conditionals="0" coveredconditionals="0" statements="2" coveredstatements="2" elements="4" coveredelements="4"/>
    </file>
    <file name="D:\projects\forks\quantum-php-core\src\Router\Router.php">
      <class name="Quantum\Router\Router" namespace="global">
        <metrics complexity="56" methods="16" coveredmethods="12" conditionals="0" coveredconditionals="0" statements="103" coveredstatements="94" elements="119" coveredelements="106"/>
      </class>
      <line num="74" type="method" name="__construct" visibility="public" complexity="1" crap="1" count="36"/>
      <line num="76" type="stmt" count="36"/>
      <line num="77" type="stmt" count="36"/>
      <line num="87" type="method" name="findRoute" visibility="public" complexity="6" crap="6.66" count="9"/>
      <line num="89" type="stmt" count="9"/>
      <line num="91" type="stmt" count="9"/>
      <line num="92" type="stmt" count="0"/>
      <line num="95" type="stmt" count="9"/>
      <line num="97" type="stmt" count="9"/>
      <line num="98" type="stmt" count="1"/>
      <line num="99" type="stmt" count="1"/>
      <line num="103" type="stmt" count="8"/>
      <line num="104" type="stmt" count="2"/>
      <line num="107" type="stmt" count="6"/>
      <line num="109" type="stmt" count="6"/>
      <line num="110" type="stmt" count="6"/>
      <line num="113" type="stmt" count="5"/>
      <line num="115" type="stmt" count="5"/>
      <line num="117" type="stmt" count="5"/>
      <line num="118" type="stmt" count="0"/>
      <line num="120" type="stmt" count="0"/>
      <line num="121" type="stmt" count="0"/>
      <line num="124" type="stmt" count="0"/>
      <line num="132" type="method" name="setRoutes" visibility="public" complexity="1" crap="1" count="11"/>
      <line num="134" type="stmt" count="11"/>
      <line num="141" type="method" name="getRoutes" visibility="public" complexity="1" crap="1" count="3"/>
      <line num="143" type="stmt" count="3"/>
      <line num="149" type="method" name="resetRoutes" visibility="public" complexity="1" crap="1" count="1"/>
      <line num="151" type="stmt" count="1"/>
      <line num="152" type="stmt" count="1"/>
      <line num="153" type="stmt" count="1"/>
      <line num="160" type="method" name="findPatternMatches" visibility="private" complexity="4" crap="4" count="9"/>
      <line num="162" type="stmt" count="9"/>
      <line num="164" type="stmt" count="9"/>
      <line num="166" type="stmt" count="9"/>
      <line num="168" type="stmt" count="9"/>
      <line num="170" type="stmt" count="9"/>
      <line num="171" type="stmt" count="8"/>
      <line num="173" type="stmt" count="8"/>
      <line num="174" type="stmt" count="8"/>
      <line num="175" type="stmt" count="8"/>
      <line num="180" type="method" name="handleRoutePattern" visibility="private" complexity="4" crap="4" count="9"/>
      <line num="182" type="stmt" count="9"/>
      <line num="184" type="stmt" count="9"/>
      <line num="185" type="stmt" count="9"/>
      <line num="187" type="stmt" count="9"/>
      <line num="189" type="stmt" count="9"/>
      <line num="190" type="stmt" count="9"/>
      <line num="192" type="stmt" count="9"/>
      <line num="193" type="stmt" count="4"/>
      <line num="195" type="stmt" count="4"/>
      <line num="197" type="stmt" count="4"/>
      <line num="198" type="stmt" count="4"/>
      <line num="201" type="stmt" count="4"/>
      <line num="203" type="stmt" count="9"/>
      <line num="205" type="stmt" count="9"/>
      <line num="206" type="stmt" count="5"/>
      <line num="212" type="stmt" count="9"/>
      <line num="225" type="method" name="normilizePattern" visibility="private" complexity="4" crap="4.07" count="4"/>
      <line num="227" type="stmt" count="4"/>
      <line num="228" type="stmt" count="4"/>
      <line num="229" type="stmt" count="0"/>
      <line num="230" type="stmt" count="4"/>
      <line num="231" type="stmt" count="4"/>
      <line num="235" type="stmt" count="4"/>
      <line num="244" type="method" name="routeParams" visibility="private" complexity="3" crap="3" count="8"/>
      <line num="246" type="stmt" count="8"/>
      <line num="248" type="stmt" count="8"/>
      <line num="249" type="stmt" count="4"/>
      <line num="250" type="stmt" count="4"/>
      <line num="251" type="stmt" count="2"/>
      <line num="255" type="stmt" count="8"/>
      <line num="263" type="method" name="checkSegment" visibility="private" complexity="3" crap="3" count="9"/>
      <line num="265" type="stmt" count="9"/>
      <line num="266" type="stmt" count="9"/>
      <line num="267" type="stmt" count="4"/>
      <line num="271" type="stmt" count="9"/>
      <line num="280" type="method" name="checkParamName" visibility="private" complexity="3" crap="3.33" count="4"/>
      <line num="282" type="stmt" count="4"/>
      <line num="283" type="stmt" count="3"/>
      <line num="284" type="stmt" count="0"/>
      <line num="297" type="method" name="getParamPattern" visibility="private" complexity="11" crap="11" count="4"/>
      <line num="299" type="stmt" count="4"/>
      <line num="301" type="stmt" count="4"/>
      <line num="303" type="stmt" count="4"/>
      <line num="305" type="stmt" count="4"/>
      <line num="306" type="stmt" count="2"/>
      <line num="307" type="stmt" count="1"/>
      <line num="309" type="stmt" count="2"/>
      <line num="312" type="stmt" count="4"/>
      <line num="313" type="stmt" count="2"/>
      <line num="315" type="stmt" count="4"/>
      <line num="319" type="stmt" count="4"/>
      <line num="320" type="stmt" count="2"/>
      <line num="322" type="stmt" count="4"/>
      <line num="326" type="stmt" count="4"/>
      <line num="337" type="method" name="getParamName" visibility="private" complexity="4" crap="4" count="4"/>
      <line num="339" type="stmt" count="4"/>
      <line num="341" type="stmt" count="4"/>
      <line num="342" type="stmt" count="2"/>
      <line num="343" type="stmt" count="2"/>
      <line num="346" type="stmt" count="2"/>
      <line num="349" type="stmt" count="4"/>
      <line num="356" type="method" name="checkCollision" visibility="private" complexity="5" crap="5" count="2"/>
      <line num="358" type="stmt" count="2"/>
      <line num="360" type="stmt" count="2"/>
      <line num="361" type="stmt" count="2"/>
      <line num="362" type="stmt" count="2"/>
      <line num="363" type="stmt" count="1"/>
      <line num="365" type="stmt" count="1"/>
      <line num="366" type="stmt" count="1"/>
      <line num="377" type="method" name="checkMethod" visibility="private" complexity="4" crap="5.02" count="6"/>
      <line num="379" type="stmt" count="6"/>
      <line num="380" type="stmt" count="0"/>
      <line num="381" type="stmt" count="0"/>
      <line num="383" type="stmt" count="6"/>
      <line num="384" type="stmt" count="1"/>
      <line num="393" type="method" name="escape" visibility="private" complexity="1" crap="1" count="9"/>
      <line num="395" type="stmt" count="9"/>
      <metrics loc="399" ncloc="281" classes="1" methods="16" coveredmethods="12" conditionals="0" coveredconditionals="0" statements="103" coveredstatements="94" elements="119" coveredelements="106"/>
    </file>
    <file name="D:\projects\forks\quantum-php-core\src\Tracer\ErrorHandler.php">
      <class name="Quantum\Tracer\ErrorHandler" namespace="global">
        <metrics complexity="17" methods="5" coveredmethods="0" conditionals="0" coveredconditionals="0" statements="45" coveredstatements="0" elements="50" coveredelements="0"/>
      </class>
      <line num="69" type="method" name="setup" visibility="public" complexity="3" crap="12" count="0"/>
      <line num="71" type="stmt" count="0"/>
      <line num="73" type="stmt" count="0"/>
      <line num="74" type="stmt" count="0"/>
      <line num="77" type="stmt" count="0"/>
      <line num="80" type="stmt" count="0"/>
      <line num="81" type="stmt" count="0"/>
      <line num="92" type="method" name="handle" visibility="protected" complexity="3" crap="12" count="0"/>
      <line num="94" type="stmt" count="0"/>
      <line num="96" type="stmt" count="0"/>
      <line num="97" type="stmt" count="0"/>
      <line num="99" type="stmt" count="0"/>
      <line num="101" type="stmt" count="0"/>
      <line num="102" type="stmt" count="0"/>
      <line num="105" type="stmt" count="0"/>
      <line num="107" type="stmt" count="0"/>
      <line num="108" type="stmt" count="0"/>
      <line num="110" type="stmt" count="0"/>
      <line num="111" type="stmt" count="0"/>
      <line num="113" type="stmt" count="0"/>
      <line num="115" type="stmt" count="0"/>
      <line num="118" type="stmt" count="0"/>
      <line num="119" type="stmt" count="0"/>
      <line num="128" type="method" name="composeStackTrace" visibility="protected" complexity="5" crap="30" count="0"/>
      <line num="130" type="stmt" count="0"/>
      <line num="131" type="stmt" count="0"/>
      <line num="132" type="stmt" count="0"/>
      <line num="135" type="stmt" count="0"/>
      <line num="136" type="stmt" count="0"/>
      <line num="137" type="stmt" count="0"/>
      <line num="140" type="stmt" count="0"/>
      <line num="141" type="stmt" count="0"/>
      <line num="142" type="stmt" count="0"/>
      <line num="143" type="stmt" count="0"/>
      <line num="158" type="method" name="getSourceCode" visibility="protected" complexity="3" crap="12" count="0"/>
      <line num="160" type="stmt" count="0"/>
      <line num="162" type="stmt" count="0"/>
      <line num="164" type="stmt" count="0"/>
      <line num="166" type="stmt" count="0"/>
      <line num="167" type="stmt" count="0"/>
      <line num="168" type="stmt" count="0"/>
      <line num="170" type="stmt" count="0"/>
      <line num="172" type="stmt" count="0"/>
      <line num="180" type="method" name="getErrorType" visibility="private" complexity="3" crap="12" count="0"/>
      <line num="182" type="stmt" count="0"/>
      <line num="183" type="stmt" count="0"/>
      <line num="184" type="stmt" count="0"/>
      <line num="185" type="stmt" count="0"/>
      <line num="186" type="stmt" count="0"/>
      <line num="189" type="stmt" count="0"/>
      <metrics loc="191" ncloc="132" classes="1" methods="5" coveredmethods="0" conditionals="0" coveredconditionals="0" statements="45" coveredstatements="0" elements="50" coveredelements="0"/>
    </file>
    <metrics files="162" loc="20147" ncloc="11734" classes="135" methods="816" coveredmethods="515" conditionals="0" coveredconditionals="0" statements="3176" coveredstatements="2210" elements="3992" coveredelements="2725"/>
  </project>
</coverage>
